0 info it worked if it ends with ok
1 verbose cli [ '/usr/bin/node', '/usr/bin/npm', 'publish' ]
2 info using npm@2.1.16
3 info using node@v0.10.35
4 verbose publish [ '.' ]
5 silly cache add args [ '.', null ]
6 verbose cache add spec .
7 silly cache add parsed spec { raw: '.',
7 silly cache add   scope: null,
7 silly cache add   name: null,
7 silly cache add   rawSpec: '.',
7 silly cache add   spec: '/home/improvshark/Desktop/docker-lanForum/nodebb/nodebb-plugin-btsync',
7 silly cache add   type: 'directory' }
8 verbose tar pack [ '/home/improvshark/.npm/nodebb-plugin-btsync/0.1.0/package.tgz',
8 verbose tar pack   '/home/improvshark/Desktop/docker-lanForum/nodebb/nodebb-plugin-btsync' ]
9 verbose tarball /home/improvshark/.npm/nodebb-plugin-btsync/0.1.0/package.tgz
10 verbose folder /home/improvshark/Desktop/docker-lanForum/nodebb/nodebb-plugin-btsync
11 info prepublish nodebb-plugin-btsync@0.1.0
12 verbose addLocalTarball adding from inside cache /home/improvshark/.npm/nodebb-plugin-btsync/0.1.0/package.tgz
13 silly cache afterAdd nodebb-plugin-btsync@0.1.0
14 verbose afterAdd /home/improvshark/.npm/nodebb-plugin-btsync/0.1.0/package/package.json not in flight; writing
15 verbose afterAdd /home/improvshark/.npm/nodebb-plugin-btsync/0.1.0/package/package.json written
16 silly publish { name: 'nodebb-plugin-btsync',
16 silly publish   version: '0.1.0',
16 silly publish   description: 'allows users to add a folder on the host machine and a key for that folder to sync with',
16 silly publish   main: 'index.js',
16 silly publish   scripts: { test: 'echo "Error: no test specified" && exit 1' },
16 silly publish   repository:
16 silly publish    { type: 'git',
16 silly publish      url: 'https://github.com/improvshark/nodebb-plugin-btsync' },
16 silly publish   author: { name: 'improvshark' },
16 silly publish   license: 'MIT',
16 silly publish   bugs: { url: 'https://github.com/improvshark/nodebb-plugin-btsync/issues' },
16 silly publish   homepage: 'https://github.com/improvshark/nodebb-plugin-btsync',
16 silly publish   dependencies: { btsync: '^0.2.0', mkdirp: '^0.5.0' },
16 silly publish   readme: 'DO NOT USE ..in dev\n',
16 silly publish   readmeFilename: 'README.md',
16 silly publish   gitHead: 'fb99425a0438850547a25934df881f5583954833',
16 silly publish   _id: 'nodebb-plugin-btsync@0.1.0',
16 silly publish   _shasum: '3978679a2c5d479eeacd530e922a7e46a8d5a3f5',
16 silly publish   _from: '.' }
17 silly mapToRegistry name nodebb-plugin-btsync
18 silly mapToRegistry using default registry
19 silly mapToRegistry registry https://registry.npmjs.org/
20 silly mapToRegistry uri https://registry.npmjs.org/nodebb-plugin-btsync
21 verbose publish registryBase https://registry.npmjs.org/
22 silly publish uploading /home/improvshark/.npm/nodebb-plugin-btsync/0.1.0/package.tgz
23 verbose request uri https://registry.npmjs.org/nodebb-plugin-btsync
24 verbose request sending authorization for write operation
25 info attempt registry request try #1 at 20:11:43
26 verbose request id c66f871d72bf67e1
27 http request PUT https://registry.npmjs.org/nodebb-plugin-btsync
28 http 403 https://registry.npmjs.org/nodebb-plugin-btsync
29 verbose headers { date: 'Mon, 05 Jan 2015 03:11:43 GMT',
29 verbose headers   server: 'CouchDB/1.5.0 (Erlang OTP/R16B03)',
29 verbose headers   'content-type': 'application/json',
29 verbose headers   'cache-control': 'max-age=60',
29 verbose headers   'content-length': '2516',
29 verbose headers   'accept-ranges': 'bytes',
29 verbose headers   via: '1.1 varnish',
29 verbose headers   'x-served-by': 'cache-sjc3124-SJC',
29 verbose headers   'x-cache': 'MISS',
29 verbose headers   'x-cache-hits': '0',
29 verbose headers   'x-timer': 'S1420427503.884307,VS0,VE43',
29 verbose headers   'keep-alive': 'timeout=10, max=50',
29 verbose headers   connection: 'Keep-Alive' }
30 verbose request invalidating /home/improvshark/.npm/registry.npmjs.org/nodebb-plugin-btsync on PUT
31 error publish Failed PUT 403
32 verbose stack Error: forbidden cannot modify pre-existing version: 0.1.0
32 verbose stack old={"name":"nodebb-plugin-btsync","version":"0.1.0","description":"allows users to add a folder on the host machine and a key for that folder to sync with","main":"index.js","scripts":{"test":"echo \"Error: no test specified\" && exit 1"},"repository":{"type":"git","url":"https://github.com/improvshark/nodebb-plugin-btsync"},"author":{"name":"improvshark"},"license":"ISC","bugs":{"url":"https://github.com/improvshark/nodebb-plugin-btsync/issues"},"homepage":"https://github.com/improvshark/nodebb-plugin-btsync","dependencies":{"btsync":"^0.2.0","mkdirp":"^0.5.0"},"gitHead":"fb99425a0438850547a25934df881f5583954833","_id":"nodebb-plugin-btsync@0.1.0","_shasum":"b49ff9a9fce623e1d853be327b24e2ea7e5d5dfc","_from":".","_npmVersion":"2.1.16","_nodeVersion":"0.10.35","_npmUser":{"name":"improvshark","email":"improvshark@gmail.com"},"maintainers":[{"name":"improvshark","email":"improvshark@gmail.com"}],"dist":{"shasum":"b49ff9a9fce623e1d853be327b24e2ea7e5d5dfc","tarball":"http://registry.npmjs.org/nodebb-plugin-btsync/-/nodebb-plugin-btsync-0.1.0.tgz"}}
32 verbose stack new={"name":"nodebb-plugin-btsync","version":"0.1.0","description":"allows users to add a folder on the host machine and a key for that folder to sync with","main":"index.js","scripts":{"test":"echo \"Error: no test specified\" && exit 1"},"repository":{"type":"git","url":"https://github.com/improvshark/nodebb-plugin-btsync"},"author":{"name":"improvshark"},"license":"MIT","bugs":{"url":"https://github.com/improvshark/nodebb-plugin-btsync/issues"},"homepage":"https://github.com/improvshark/nodebb-plugin-btsync","dependencies":{"btsync":"^0.2.0","mkdirp":"^0.5.0"},"readme":"DO NOT USE ..in dev\u000a","readmeFilename":"README.md","gitHead":"fb99425a0438850547a25934df881f5583954833","_id":"nodebb-plugin-btsync@0.1.0","_shasum":"3978679a2c5d479eeacd530e922a7e46a8d5a3f5","_from":".","_npmVersion":"2.1.16","_nodeVersion":"0.10.35","_npmUser":{"name":"improvshark","email":"improvshark@gmail.com"},"maintainers":[{"name":"improvshark","email":"improvshark@gmail.com"}],"dist":{"shasum":"3978679a2c5d479eeacd530e922a7e46a8d5a3f5","tarball":"http://registry.npmjs.org/nodebb-plugin-btsync/-/nodebb-plugin-btsync-0.1.0.tgz"}}: nodebb-plugin-btsync
32 verbose stack     at CachingRegistryClient.<anonymous> (/usr/lib/node_modules/npm/node_modules/npm-registry-client/lib/request.js:244:14)
32 verbose stack     at Request._callback (/usr/lib/node_modules/npm/node_modules/npm-registry-client/lib/request.js:172:14)
32 verbose stack     at Request.self.callback (/usr/lib/node_modules/npm/node_modules/request/request.js:373:22)
32 verbose stack     at Request.emit (events.js:98:17)
32 verbose stack     at Request.<anonymous> (/usr/lib/node_modules/npm/node_modules/request/request.js:1318:14)
32 verbose stack     at Request.emit (events.js:117:20)
32 verbose stack     at IncomingMessage.<anonymous> (/usr/lib/node_modules/npm/node_modules/request/request.js:1266:12)
32 verbose stack     at IncomingMessage.emit (events.js:117:20)
32 verbose stack     at _stream_readable.js:944:16
32 verbose stack     at process._tickCallback (node.js:442:13)
33 verbose statusCode 403
34 verbose pkgid nodebb-plugin-btsync
35 verbose cwd /home/improvshark/Desktop/docker-lanForum/nodebb/nodebb-plugin-btsync
36 error Linux 3.10.63-1-MANJARO
37 error argv "/usr/bin/node" "/usr/bin/npm" "publish"
38 error node v0.10.35
39 error npm  v2.1.16
40 error code E403
41 error forbidden cannot modify pre-existing version: 0.1.0
41 error old={"name":"nodebb-plugin-btsync","version":"0.1.0","description":"allows users to add a folder on the host machine and a key for that folder to sync with","main":"index.js","scripts":{"test":"echo \"Error: no test specified\" && exit 1"},"repository":{"type":"git","url":"https://github.com/improvshark/nodebb-plugin-btsync"},"author":{"name":"improvshark"},"license":"ISC","bugs":{"url":"https://github.com/improvshark/nodebb-plugin-btsync/issues"},"homepage":"https://github.com/improvshark/nodebb-plugin-btsync","dependencies":{"btsync":"^0.2.0","mkdirp":"^0.5.0"},"gitHead":"fb99425a0438850547a25934df881f5583954833","_id":"nodebb-plugin-btsync@0.1.0","_shasum":"b49ff9a9fce623e1d853be327b24e2ea7e5d5dfc","_from":".","_npmVersion":"2.1.16","_nodeVersion":"0.10.35","_npmUser":{"name":"improvshark","email":"improvshark@gmail.com"},"maintainers":[{"name":"improvshark","email":"improvshark@gmail.com"}],"dist":{"shasum":"b49ff9a9fce623e1d853be327b24e2ea7e5d5dfc","tarball":"http://registry.npmjs.org/nodebb-plugin-btsync/-/nodebb-plugin-btsync-0.1.0.tgz"}}
41 error new={"name":"nodebb-plugin-btsync","version":"0.1.0","description":"allows users to add a folder on the host machine and a key for that folder to sync with","main":"index.js","scripts":{"test":"echo \"Error: no test specified\" && exit 1"},"repository":{"type":"git","url":"https://github.com/improvshark/nodebb-plugin-btsync"},"author":{"name":"improvshark"},"license":"MIT","bugs":{"url":"https://github.com/improvshark/nodebb-plugin-btsync/issues"},"homepage":"https://github.com/improvshark/nodebb-plugin-btsync","dependencies":{"btsync":"^0.2.0","mkdirp":"^0.5.0"},"readme":"DO NOT USE ..in dev\u000a","readmeFilename":"README.md","gitHead":"fb99425a0438850547a25934df881f5583954833","_id":"nodebb-plugin-btsync@0.1.0","_shasum":"3978679a2c5d479eeacd530e922a7e46a8d5a3f5","_from":".","_npmVersion":"2.1.16","_nodeVersion":"0.10.35","_npmUser":{"name":"improvshark","email":"improvshark@gmail.com"},"maintainers":[{"name":"improvshark","email":"improvshark@gmail.com"}],"dist":{"shasum":"3978679a2c5d479eeacd530e922a7e46a8d5a3f5","tarball":"http://registry.npmjs.org/nodebb-plugin-btsync/-/nodebb-plugin-btsync-0.1.0.tgz"}}: nodebb-plugin-btsync
42 error If you need help, you may report this error at:
42 error     <http://github.com/npm/npm/issues>
43 verbose exit [ 1, true ]
